<?xml version="1.0" encoding="UTF-8"?>
<!-- Generated by org.testng.reporters.JUnitXMLReporter -->
<testsuite ignored="2" hostname="Faizur" failures="0" tests="5" name="Default test" time="35.13" errors="0" timestamp="2024-06-28T00:04:51 IST">
  <testcase classname="com.demoblaze.testcases.login.TS_DB_001_Login" name="TC_DB_Login_001" time="4.403"/>
  <testcase classname="com.demoblaze.testcases.login.TS_DB_001_Login" name="TC_DB_Login_002" time="2.552"/>
  <testcase classname="com.demoblaze.testcases.login.TS_DB_001_Login" name="TC_DB_Login_003" time="2.558"/>
  <testcase classname="com.demoblaze.testcases.login.TS_DB_002_Login_Close" name="TC_DB_Login_Close_004" time="3.132"/>
  <testcase classname="com.demoblaze.testcases.login.TS_DB_002_Login_Close" name="TC_DB_Login_Close_005" time="3.109"/>
  <testcase classname="com.demoblaze.base.DriverInstance" name="@BeforeTest startReporter" time="0.0">
    <ignored/>
  </testcase> <!-- @BeforeTest startReporter -->
  <testcase classname="com.demoblaze.base.DriverInstance" name="@AfterTest tearDown" time="0.0">
    <ignored/>
  </testcase> <!-- @AfterTest tearDown -->
</testsuite> <!-- Default test -->
